Arguments: 
  /snap/node/3041/bin/node /snap/node/3041/bin/yarn.js global dir

PATH: 
  /home/webdev04/Node/loki/node_modules/.bin:/home/webdev04/Node/node_modules/.bin:/home/webdev04/node_modules/.bin:/home/node_modules/.bin:/node_modules/.bin:/usr/local/bin:/usr/local/sbin:/usr/local/bin:/usr/sbin:/usr/bin:/sbin:/bin:/usr/games:/usr/local/games:/snap/bin:/home/webdev04/.config/composer/vendor/bin:/home/webdev04/.config/composer/vendor/bin

Yarn version: 
  1.22.5

Node version: 
  12.18.4

Platform: 
  linux x64

Trace: 
  Error: EACCES: permission denied, write
      at writeSync (fs.js:679:3)
      at SyncWriteStream._write (internal/fs/sync_write_stream.js:24:3)
      at doWrite (_stream_writable.js:403:12)
      at writeOrBuffer (_stream_writable.js:387:5)
      at SyncWriteStream.Writable.write (_stream_writable.js:318:11)
      at ConsoleReporter._log (/snap/node/3041/lib/cli.js:96770:17)
      at ConsoleReporter.log (/snap/node/3041/lib/cli.js:96758:10)
      at dir (/snap/node/3041/lib/cli.js:36256:14)
      at Object.<anonymous> (/snap/node/3041/lib/cli.js:25940:25)
      at Generator.next (<anonymous>)

npm manifest: 
  {
    "name": "loki",
    "version": "1.0.0",
    "description": "",
    "main": "server.js",
    "scripts": {
      "test": "cross-env NODE_ENV=test jest --testTimeout=10000 --detectOpenHandles --verbose",
      "server": "nodemon server.js",
      "client": "npm start --prefix client",
      "build": "cd client && npm run build",
      "install": "cd client && npm install",
      "dev": "concurrently \"npm run server\" \"npm run client\""
    },
    "author": "",
    "license": "ISC",
    "dependencies": {
      "@hapi/joi": "^17.1.1",
      "arg": "^4.1.3",
      "axios": "^0.20.0",
      "bcryptjs": "^2.4.3",
      "body-parser": "^1.19.0",
      "boxen": "^4.0.0",
      "chalk": "^2.4.2",
      "cli-select": "^1.1.2",
      "concurrently": "^5.3.0",
      "cor": "0.0.0",
      "cors": "^2.8.5",
      "dotenv": "^8.2.0",
      "esm": "^3.2.25",
      "express": "^4.17.1",
      "google-trends-api": "^4.9.0",
      "inquirer": "^7.3.3",
      "joi-objectid": "^3.0.1",
      "jsonwebtoken": "^8.5.1",
      "mongoose": "^5.10.3",
      "nodemon": "^2.0.4",
      "ora": "^5.1.0",
      "react-router-dom": "^5.2.0",
      "web-push": "^3.4.4",
      "yargs": "^13.2.4"
    },
    "devDependencies": {
      "jest": "^26.4.2",
      "supertest": "^4.0.2"
    },
    "jest": {
      "testEnvironment": "node",
      "coveragePathIgnorePatterns": [
        "/node_modules/"
      ]
    },
    "bin": {
      "ed-cli": "./bin/index.js"
    }
  }

yarn manifest: 
  No manifest

Lockfile: 
  No lockfile
